<?xml version="1.0" encoding="UTF-8"?>
<!-- Generated by org.testng.reporters.JUnitReportReporter -->
<testsuite hostname="DESKTOP-GGA7FEI" failures="0" tests="1" name="com.test.Test_3_takescreenshot" time="103.172" errors="0" timestamp="2022-06-23T12:13:11 IST" skipped="0">
  <testcase classname="com.test.Test_3_takescreenshot" name="Test_1" time="103.172"/>
  <system-out/>
</testsuite> <!-- com.test.Test_3_takescreenshot -->
