<?xml version="1.0" encoding="UTF-8"?>
<!-- Generated by org.testng.reporters.JUnitReportReporter -->
<testsuite hostname="DESKTOP-GGA7FEI" failures="0" tests="1" name="Test_Testing.Test_softassert" time="48.335" errors="0" timestamp="2022-06-23T20:40:32 IST" skipped="0">
  <testcase classname="Test_Testing.Test_softassert" name="TestB" time="48.335"/>
  <system-out/>
</testsuite> <!-- Test_Testing.Test_softassert -->
