<?xml version="1.0" encoding="UTF-8"?>
<!-- Generated by org.testng.reporters.JUnitReportReporter -->
<testsuite hostname="DESKTOP-GGA7FEI" failures="0" tests="1" name="Test_Testing.test_1" time="0.048" errors="0" timestamp="2022-06-14T16:15:37 IST" skipped="0">
  <testcase classname="Test_Testing.test_1" name="test_1" time="0.048"/>
  <system-out/>
</testsuite> <!-- Test_Testing.test_1 -->
