<?xml version="1.0" encoding="UTF-8"?>
<!-- Generated by org.testng.reporters.JUnitReportReporter -->
<testsuite hostname="DESKTOP-GGA7FEI" failures="0" tests="1" name="Test_Testing.Test_6" time="0.056" errors="0" timestamp="2022-06-16T15:14:44 IST" skipped="0">
  <testcase classname="Test_Testing.Test_6" name="Test_B" time="0.056"/>
  <system-out/>
</testsuite> <!-- Test_Testing.Test_6 -->
