<?xml version="1.0" encoding="UTF-8"?>
<!-- Generated by org.testng.reporters.JUnitReportReporter -->
<testsuite hostname="DESKTOP-GGA7FEI" failures="0" tests="1" name="com.test.Test_4_Randomscreenshot" time="36.221" errors="0" timestamp="2022-06-23T13:37:12 IST" skipped="0">
  <testcase classname="com.test.Test_4_Randomscreenshot" name="getscreenshot" time="36.221"/>
  <system-out/>
</testsuite> <!-- com.test.Test_4_Randomscreenshot -->
