<?xml version="1.0" encoding="UTF-8"?>
<!-- Generated by org.testng.reporters.JUnitReportReporter -->
<testsuite hostname="DESKTOP-GGA7FEI" failures="0" tests="1" name="Test_Testing.Test_assert" time="117.408" errors="0" timestamp="2022-06-20T20:48:04 IST" skipped="0">
  <testcase classname="Test_Testing.Test_assert" name="Test_A" time="117.408"/>
  <system-out/>
</testsuite> <!-- Test_Testing.Test_assert -->
