<?xml version="1.0" encoding="UTF-8"?>
<!-- Generated by org.testng.reporters.JUnitReportReporter -->
<testsuite hostname="DESKTOP-GGA7FEI" failures="0" tests="4" name="Test_Testing.Test_03" time="0.058" errors="0" timestamp="2022-06-16T14:23:35 IST" skipped="1">
  <testcase classname="Test_Testing.Test_03" name="Test_B" time="0.041"/>
  <system-out/>
  <testcase classname="Test_Testing.Test_03" name="Test_B" time="0.009"/>
  <system-out/>
  <testcase classname="Test_Testing.Test_03" name="Test_C" time="0.008"/>
  <system-out/>
  <testcase classname="Test_Testing.Test_03" name="Test_A">
    <skipped/>
  </testcase> <!-- Test_A -->
  <system-out/>
</testsuite> <!-- Test_Testing.Test_03 -->
